<?xml version="1.0" encoding="UTF-8"?>
<!-- Generated by org.testng.reporters.JUnitXMLReporter -->
<testsuite ignored="0" hostname="Vijay" failures="0" tests="7" name="bookFlightMission" time="0.148" errors="0" timestamp="2024-03-19T14:32:15 IST">
  <testcase classname="vijay2.wolf2" name="openwebsite" time="0.012"/>
  <testcase classname="vijay2.wolf2" name="signup" time="0.001"/>
  <testcase classname="vijay2.wolf2" name="login" time="0.002"/>
  <testcase classname="vijay2.wolf2" name="chooseDate" time="0.003"/>
  <testcase classname="vijay2.wolf2" name="bookFlight" time="0.001"/>
  <testcase classname="vijay2.wolf2" name="saveTicket" time="0.002"/>
  <testcase classname="vijay2.wolf2" name="signout" time="0.005"/>
</testsuite> <!-- bookFlightMission -->
