<?xml version="1.0" encoding="UTF-8"?>
<!-- Generated by org.testng.reporters.JUnitXMLReporter -->
<testsuite ignored="0" hostname="Vijay" failures="0" tests="5" name="Test2" time="0.121" errors="0" timestamp="2024-03-20T16:45:11 IST">
  <testcase classname="vijay.parrallel2" name="Test6" time="0.012"/>
  <testcase classname="vijay.parrallel2" name="Test7" time="0.001"/>
  <testcase classname="vijay.parrallel2" name="Test8" time="0.006"/>
  <testcase classname="vijay.parrallel2" name="Test9" time="0.009"/>
  <testcase classname="vijay.parrallel2" name="Test10" time="0.003"/>
</testsuite> <!-- Test2 -->
