<?xml version="1.0" encoding="UTF-8"?>
<!-- Generated by org.testng.reporters.JUnitXMLReporter -->
<testsuite ignored="0" hostname="Vijay" failures="0" tests="5" name="Test3" time="0.122" errors="0" timestamp="2024-03-20T16:45:11 IST">
  <testcase classname="vijay.parallel3" name="Test11" time="0.012"/>
  <testcase classname="vijay.parallel3" name="Test12" time="0.005"/>
  <testcase classname="vijay.parallel3" name="Test13" time="0.008"/>
  <testcase classname="vijay.parallel3" name="Test14" time="0.01"/>
  <testcase classname="vijay.parallel3" name="Test15" time="0.003"/>
</testsuite> <!-- Test3 -->
