<?xml version="1.0" encoding="UTF-8"?>
<!-- Generated by org.testng.reporters.JUnitXMLReporter -->
<testsuite ignored="0" hostname="Vijay" failures="0" tests="15" name="Test1" time="0.097" errors="0" timestamp="2024-03-20T17:51:18 IST">
  <testcase classname="vijay.parallel" name="Test1" time="0.012"/>
  <testcase classname="vijay.parallel3" name="Test11" time="0.012"/>
  <testcase classname="vijay.parrallel2" name="Test6" time="0.012"/>
  <testcase classname="vijay.parallel" name="Test2" time="0.002"/>
  <testcase classname="vijay.parallel3" name="Test12" time="0.002"/>
  <testcase classname="vijay.parrallel2" name="Test7" time="0.003"/>
  <testcase classname="vijay.parallel3" name="Test13" time="0.004"/>
  <testcase classname="vijay.parallel" name="Test3" time="0.005"/>
  <testcase classname="vijay.parrallel2" name="Test8" time="0.003"/>
  <testcase classname="vijay.parallel" name="Test4" time="0.002"/>
  <testcase classname="vijay.parallel3" name="Test14" time="0.002"/>
  <testcase classname="vijay.parrallel2" name="Test9" time="0.002"/>
  <testcase classname="vijay.parallel" name="Test5" time="0.002"/>
  <testcase classname="vijay.parallel3" name="Test15" time="0.004"/>
  <testcase classname="vijay.parrallel2" name="Test10" time="0.001"/>
</testsuite> <!-- Test1 -->
